<?xml version="1.0" encoding="UTF-8"?>
<testsuite xmlns:xsi="http://www.w3.org/2001/XMLSchema-instance" xsi:schemaLocation="https://maven.apache.org/surefire/maven-surefire-plugin/xsd/surefire-test-report.xsd" name="ee.ut.cs.swt.triangle.NextDateTest" time="0.044" tests="40" errors="0" skipped="0" failures="9">
  <properties>
    <property name="idea.version" value="2023.3.4"/>
    <property name="java.runtime.name" value="OpenJDK Runtime Environment"/>
    <property name="java.vm.version" value="21.0.4+7-LTS"/>
    <property name="sun.boot.library.path" value="C:\Users\andrslin\.jdks\corretto-21.0.4\bin"/>
    <property name="maven.multiModuleProjectDirectory" value="C:\Users\andrslin\Töölaud\Triangle"/>
    <property name="java.vm.vendor" value="Amazon.com Inc."/>
    <property name="java.vendor.url" value="https://aws.amazon.com/corretto/"/>
    <property name="guice.disable.misplaced.annotation.check" value="true"/>
    <property name="path.separator" value=";"/>
    <property name="java.vm.name" value="OpenJDK 64-Bit Server VM"/>
    <property name="sun.os.patch.level" value=""/>
    <property name="user.script" value=""/>
    <property name="user.country" value="US"/>
    <property name="sun.java.launcher" value="SUN_STANDARD"/>
    <property name="java.vm.specification.name" value="Java Virtual Machine Specification"/>
    <property name="user.dir" value="C:\Users\andrslin\Töölaud\Triangle"/>
    <property name="java.vm.compressedOopsMode" value="Zero based"/>
    <property name="java.runtime.version" value="21.0.4+7-LTS"/>
    <property name="os.arch" value="amd64"/>
    <property name="java.io.tmpdir" value="C:\Users\andrslin\AppData\Local\Temp\"/>
    <property name="line.separator" value="&#10;"/>
    <property name="java.vm.specification.vendor" value="Oracle Corporation"/>
    <property name="user.variant" value=""/>
    <property name="stderr.encoding" value="UTF-8"/>
    <property name="os.name" value="Windows 11"/>
    <property name="maven.ext.class.path" value="C:\Program Files\JetBrains\IntelliJ IDEA 2023.3.4\plugins\maven\lib\maven-event-listener.jar"/>
    <property name="classworlds.conf" value="C:\Program Files\JetBrains\IntelliJ IDEA 2023.3.4\plugins\maven\lib\maven3\bin\m2.conf"/>
    <property name="sun.jnu.encoding" value="Cp1257"/>
    <property name="stdout.encoding" value="UTF-8"/>
    <property name="java.library.path" value="C:\Users\andrslin\.jdks\corretto-21.0.4\bin;C:\WINDOWS\Sun\Java\bin;C:\WINDOWS\system32;C:\WINDOWS;C:\Program Files\Microsoft\jdk-11.0.26.4-hotspot\bin;C:\Python312\Scripts\;C:\Python312\;C:\Program Files\Common Files\Oracle\Java\javapath;C:\Program Files (x86)\Common Files\Oracle\Java\java8path;C:\Program Files (x86)\Common Files\Oracle\Java\javapath;C:\WINDOWS\system32;C:\WINDOWS;C:\WINDOWS\System32\Wbem;C:\WINDOWS\System32\WindowsPowerShell\v1.0\;C:\WINDOWS\System32\OpenSSH\;C:\Program Files\PuTTY\;C:\Program Files (x86)\IDEMIA\AWP\Dlls;C:\Program Files\IDEMIA\AWP\Dlls;C:\Program Files\Git\cmd;C:\cygwin64;C:\cygwin64\bin;C:\Users\andrslin\Töölaud\https%3a%2f%2fmirror-hk.koddos.net%2fcygwin%2f\x86_64\release\gdb;C:\ProgramData\chocolatey\bin;C:\Program Files\PostgreSQL\17\bin;C:\Program Files\nodejs\;C:\Program Files\Docker\Docker\resources\bin;C:\Gradle\gradle-8.5\bin;C:\Users\andrslin\AppData\Local\Microsoft\WindowsApps;C:\Users\andrslin\AppData\Local\Programs\Microsoft VS Code\bin;C:\Users\andrslin\AppData\Roaming\npm;C:\Program Files\NASM;;."/>
    <property name="jansi.passthrough" value="true"/>
    <property name="maven.conf" value="C:\Program Files\JetBrains\IntelliJ IDEA 2023.3.4\plugins\maven\lib\maven3/conf"/>
    <property name="jdk.debug" value="release"/>
    <property name="java.class.version" value="65.0"/>
    <property name="java.specification.name" value="Java Platform API Specification"/>
    <property name="sun.management.compiler" value="HotSpot 64-Bit Tiered Compilers"/>
    <property name="os.version" value="10.0"/>
    <property name="user.home" value="C:\Users\andrslin"/>
    <property name="user.timezone" value="Europe/Tallinn"/>
    <property name="file.encoding" value="UTF-8"/>
    <property name="java.specification.version" value="21"/>
    <property name="user.name" value="andrslin"/>
    <property name="java.class.path" value="C:\Program Files\JetBrains\IntelliJ IDEA 2023.3.4\plugins\maven\lib\maven3\boot\plexus-classworlds-2.7.0.jar;C:\Program Files\JetBrains\IntelliJ IDEA 2023.3.4\plugins\maven\lib\maven3\boot\plexus-classworlds.license"/>
    <property name="java.vm.specification.version" value="21"/>
    <property name="sun.arch.data.model" value="64"/>
    <property name="sun.java.command" value="org.codehaus.classworlds.Launcher -Didea.version=2023.3.4 verify"/>
    <property name="java.home" value="C:\Users\andrslin\.jdks\corretto-21.0.4"/>
    <property name="user.language" value="en"/>
    <property name="java.specification.vendor" value="Oracle Corporation"/>
    <property name="java.vm.info" value="mixed mode, sharing"/>
    <property name="java.version" value="21.0.4"/>
    <property name="native.encoding" value="Cp1257"/>
    <property name="java.vendor" value="Amazon.com Inc."/>
    <property name="sun.stderr.encoding" value="UTF-8"/>
    <property name="maven.home" value="C:\Program Files\JetBrains\IntelliJ IDEA 2023.3.4\plugins\maven\lib\maven3"/>
    <property name="file.separator" value="\"/>
    <property name="java.version.date" value="2024-07-16"/>
    <property name="java.vendor.url.bug" value="https://github.com/corretto/corretto-21/issues/"/>
    <property name="sun.io.unicode.encoding" value="UnicodeLittle"/>
    <property name="sun.cpu.endian" value="little"/>
    <property name="java.vendor.version" value="Corretto-21.0.4.7.1"/>
    <property name="sun.stdout.encoding" value="UTF-8"/>
    <property name="sun.cpu.isalist" value="amd64"/>
  </properties>
  <testcase name="testDecemberToJanuary" classname="ee.ut.cs.swt.triangle.NextDateTest" time="0.018">
    <failure message="expected:&lt;[Invalid Next Year]&gt; but was:&lt;[12/32/2021]&gt;" type="org.junit.ComparisonFailure"><![CDATA[org.junit.ComparisonFailure: expected:<[Invalid Next Year]> but was:<[12/32/2021]>
	at ee.ut.cs.swt.triangle.NextDateTest.testDecemberToJanuary(NextDateTest.java:31)
]]></failure>
  </testcase>
  <testcase name="testLeapYear" classname="ee.ut.cs.swt.triangle.NextDateTest" time="0">
    <failure message="expected:&lt;[2/29]/2004&gt; but was:&lt;[3/1]/2004&gt;" type="org.junit.ComparisonFailure"><![CDATA[org.junit.ComparisonFailure: expected:<[2/29]/2004> but was:<[3/1]/2004>
	at ee.ut.cs.swt.triangle.NextDateTest.testLeapYear(NextDateTest.java:35)
]]></failure>
  </testcase>
  <testcase name="testRunWithNegativeAndNegative" classname="ee.ut.cs.swt.triangle.NextDateTest" time="0.002"/>
  <testcase name="test10" classname="ee.ut.cs.swt.triangle.NextDateTest" time="0">
    <failure message="expected:&lt;[Invalid Next Year]&gt; but was:&lt;[12/32/2021]&gt;" type="org.junit.ComparisonFailure"><![CDATA[org.junit.ComparisonFailure: expected:<[Invalid Next Year]> but was:<[12/32/2021]>
	at ee.ut.cs.swt.triangle.NextDateTest.test10(NextDateTest.java:75)
]]></failure>
  </testcase>
  <testcase name="test11" classname="ee.ut.cs.swt.triangle.NextDateTest" time="0.001"/>
  <testcase name="test12" classname="ee.ut.cs.swt.triangle.NextDateTest" time="0">
    <failure message="expected:&lt;[2/29]/2000&gt; but was:&lt;[3/1]/2000&gt;" type="org.junit.ComparisonFailure"><![CDATA[org.junit.ComparisonFailure: expected:<[2/29]/2000> but was:<[3/1]/2000>
	at ee.ut.cs.swt.triangle.NextDateTest.test12(NextDateTest.java:83)
]]></failure>
  </testcase>
  <testcase name="test13" classname="ee.ut.cs.swt.triangle.NextDateTest" time="0"/>
  <testcase name="test14" classname="ee.ut.cs.swt.triangle.NextDateTest" time="0"/>
  <testcase name="test15" classname="ee.ut.cs.swt.triangle.NextDateTest" time="0"/>
  <testcase name="testJuneToJuly" classname="ee.ut.cs.swt.triangle.NextDateTest" time="0"/>
  <testcase name="testRunReturningNonEmptyString" classname="ee.ut.cs.swt.triangle.NextDateTest" time="0.004"/>
  <testcase name="test1" classname="ee.ut.cs.swt.triangle.NextDateTest" time="0.001"/>
  <testcase name="test2" classname="ee.ut.cs.swt.triangle.NextDateTest" time="0"/>
  <testcase name="test3" classname="ee.ut.cs.swt.triangle.NextDateTest" time="0"/>
  <testcase name="test4" classname="ee.ut.cs.swt.triangle.NextDateTest" time="0">
    <failure message="expected:&lt;1[/1/2021]&gt; but was:&lt;1[2/32/2020]&gt;" type="org.junit.ComparisonFailure"><![CDATA[org.junit.ComparisonFailure: expected:<1[/1/2021]> but was:<1[2/32/2020]>
	at ee.ut.cs.swt.triangle.NextDateTest.test4(NextDateTest.java:51)
]]></failure>
  </testcase>
  <testcase name="test5" classname="ee.ut.cs.swt.triangle.NextDateTest" time="0.001"/>
  <testcase name="test6" classname="ee.ut.cs.swt.triangle.NextDateTest" time="0">
    <failure message="expected:&lt;[3/1/2020]&gt; but was:&lt;[Invalid Input Date]&gt;" type="org.junit.ComparisonFailure"><![CDATA[org.junit.ComparisonFailure: expected:<[3/1/2020]> but was:<[Invalid Input Date]>
	at ee.ut.cs.swt.triangle.NextDateTest.test6(NextDateTest.java:59)
]]></failure>
  </testcase>
  <testcase name="test7" classname="ee.ut.cs.swt.triangle.NextDateTest" time="0"/>
  <testcase name="test8" classname="ee.ut.cs.swt.triangle.NextDateTest" time="0">
    <failure message="expected:&lt;[2/29]/2016&gt; but was:&lt;[3/1]/2016&gt;" type="org.junit.ComparisonFailure"><![CDATA[org.junit.ComparisonFailure: expected:<[2/29]/2016> but was:<[3/1]/2016>
	at ee.ut.cs.swt.triangle.NextDateTest.test8(NextDateTest.java:67)
]]></failure>
  </testcase>
  <testcase name="test9" classname="ee.ut.cs.swt.triangle.NextDateTest" time="0"/>
  <testcase name="testRunWithPositive0" classname="ee.ut.cs.swt.triangle.NextDateTest" time="0.001"/>
  <testcase name="testRunWithPositive1" classname="ee.ut.cs.swt.triangle.NextDateTest" time="0.001"/>
  <testcase name="testRunWithPositive2" classname="ee.ut.cs.swt.triangle.NextDateTest" time="0"/>
  <testcase name="testCreatesNextDate0" classname="ee.ut.cs.swt.triangle.NextDateTest" time="0.001"/>
  <testcase name="testCreatesNextDate1" classname="ee.ut.cs.swt.triangle.NextDateTest" time="0"/>
  <testcase name="testCreatesNextDate2" classname="ee.ut.cs.swt.triangle.NextDateTest" time="0.001"/>
  <testcase name="testCreatesNextDate3" classname="ee.ut.cs.swt.triangle.NextDateTest" time="0.001"/>
  <testcase name="testCreatesNextDate4" classname="ee.ut.cs.swt.triangle.NextDateTest" time="0"/>
  <testcase name="testCreatesNextDate5" classname="ee.ut.cs.swt.triangle.NextDateTest" time="0.001"/>
  <testcase name="testCreatesNextDate6" classname="ee.ut.cs.swt.triangle.NextDateTest" time="0"/>
  <testcase name="testCreatesNextDate7" classname="ee.ut.cs.swt.triangle.NextDateTest" time="0.001">
    <failure message="expected:&lt;7/[8]/1860&gt; but was:&lt;7/[7]/1860&gt;" type="org.junit.ComparisonFailure"><![CDATA[org.junit.ComparisonFailure: expected:<7/[8]/1860> but was:<7/[7]/1860>
	at ee.ut.cs.swt.triangle.NextDateTest.testCreatesNextDate7(NextDateTest.java:200)
]]></failure>
  </testcase>
  <testcase name="testCreatesNextDate8" classname="ee.ut.cs.swt.triangle.NextDateTest" time="0.001"/>
  <testcase name="testCreatesNextDate9" classname="ee.ut.cs.swt.triangle.NextDateTest" time="0">
    <failure message="expected:&lt;[2/29]/1828&gt; but was:&lt;[3/1]/1828&gt;" type="org.junit.ComparisonFailure"><![CDATA[org.junit.ComparisonFailure: expected:<[2/29]/1828> but was:<[3/1]/1828>
	at ee.ut.cs.swt.triangle.NextDateTest.testCreatesNextDate9(NextDateTest.java:214)
]]></failure>
  </testcase>
  <testcase name="testCreatesNextDate10" classname="ee.ut.cs.swt.triangle.NextDateTest" time="0.001"/>
  <testcase name="testCreatesNextDate11" classname="ee.ut.cs.swt.triangle.NextDateTest" time="0.001"/>
  <testcase name="testCreatesNextDate12" classname="ee.ut.cs.swt.triangle.NextDateTest" time="0"/>
  <testcase name="testCreatesNextDate13" classname="ee.ut.cs.swt.triangle.NextDateTest" time="0.001"/>
  <testcase name="testCreatesNextDate14" classname="ee.ut.cs.swt.triangle.NextDateTest" time="0"/>
  <testcase name="testRunWithZero" classname="ee.ut.cs.swt.triangle.NextDateTest" time="0"/>
  <testcase name="testMarchToApril" classname="ee.ut.cs.swt.triangle.NextDateTest" time="0.001"/>
</testsuite>